<?xml version="1.0" encoding="UTF-8"?>
<!-- Generated by org.testng.reporters.JUnitReportReporter -->
<testsuite hostname="DESKTOP-EQ0CH4H" failures="0" tests="7" name="com.sam.SamsungMobileValidation" time="27.939" errors="0" timestamp="04 Apr 2022 06:17:37 GMT" skipped="0">
  <testcase classname="com.sam.SamsungMobileValidation" name="driverLaunch" time="17.932"/>
  <testcase classname="com.sam.SamsungMobileValidation" name="loggin" time="1.394"/>
  <testcase classname="com.sam.SamsungMobileValidation" name="search" time="0.912"/>
  <testcase classname="com.sam.SamsungMobileValidation" name="mobileGalaxyf23" time="2.305"/>
  <testcase classname="com.sam.SamsungMobileValidation" name="Windows" time="0.101"/>
  <testcase classname="com.sam.SamsungMobileValidation" name="cheackMobile" time="4.899"/>
  <testcase classname="com.sam.SamsungMobileValidation" name="screenshotResult" time="0.396"/>
</testsuite> <!-- com.sam.SamsungMobileValidation -->
